mode: set
grpc/server/pkg/repository/mocks/mock.go:26.71,30.2 3 0
grpc/server/pkg/repository/mocks/mock.go:33.69,35.2 1 0
grpc/server/pkg/repository/mocks/mock.go:38.72,44.2 5 0
grpc/server/pkg/repository/mocks/mock.go:47.84,50.2 2 0
grpc/server/pkg/repository/mocks/mock.go:53.75,59.2 5 0
grpc/server/pkg/repository/mocks/mock.go:62.85,65.2 2 0
grpc/server/pkg/repository/mocks/mock.go:79.53,83.2 3 0
grpc/server/pkg/repository/mocks/mock.go:86.51,88.2 1 0
grpc/server/pkg/repository/mocks/mock.go:91.59,97.2 5 0
grpc/server/pkg/repository/mocks/mock.go:100.71,103.2 2 0
grpc/server/pkg/repository/mocks/mock.go:106.54,111.2 4 0
grpc/server/pkg/repository/mocks/mock.go:114.81,117.2 2 0
grpc/server/pkg/repository/mocks/mock.go:120.52,126.2 5 0
grpc/server/pkg/repository/mocks/mock.go:129.55,132.2 2 0
grpc/server/pkg/repository/mocks/mock.go:135.62,141.2 5 0
grpc/server/pkg/repository/mocks/mock.go:144.74,147.2 2 0
grpc/server/pkg/repository/mocks/mock.go:150.78,155.2 4 0
grpc/server/pkg/repository/mocks/mock.go:158.87,161.2 2 0
grpc/server/pkg/repository/auth_postgres.go:13.49,15.2 1 0
grpc/server/pkg/repository/auth_postgres.go:17.67,18.49 1 0
grpc/server/pkg/repository/auth_postgres.go:18.49,20.3 1 0
grpc/server/pkg/repository/auth_postgres.go:21.2,21.21 1 0
grpc/server/pkg/repository/auth_postgres.go:24.70,26.80 2 0
grpc/server/pkg/repository/auth_postgres.go:26.80,28.3 1 0
grpc/server/pkg/repository/auth_postgres.go:29.2,29.18 1 0
grpc/server/pkg/repository/book_postgres.go:15.49,17.2 1 0
grpc/server/pkg/repository/book_postgres.go:19.63,20.49 1 0
grpc/server/pkg/repository/book_postgres.go:20.49,22.3 1 0
grpc/server/pkg/repository/book_postgres.go:23.2,23.21 1 0
grpc/server/pkg/repository/book_postgres.go:26.56,28.48 2 0
grpc/server/pkg/repository/book_postgres.go:28.48,30.3 1 0
grpc/server/pkg/repository/book_postgres.go:31.2,31.19 1 0
grpc/server/pkg/repository/book_postgres.go:34.66,37.16 3 0
grpc/server/pkg/repository/book_postgres.go:37.16,38.45 1 0
grpc/server/pkg/repository/book_postgres.go:38.45,40.4 1 0
grpc/server/pkg/repository/book_postgres.go:41.3,41.86 1 0
grpc/server/pkg/repository/book_postgres.go:43.2,43.18 1 0
grpc/server/pkg/repository/book_postgres.go:46.58,49.56 2 0
grpc/server/pkg/repository/book_postgres.go:49.56,50.45 1 0
grpc/server/pkg/repository/book_postgres.go:50.45,52.4 1 0
grpc/server/pkg/repository/book_postgres.go:53.3,53.13 1 0
grpc/server/pkg/repository/book_postgres.go:56.2,56.27 1 0
grpc/server/pkg/repository/book_postgres.go:56.27,58.3 1 0
grpc/server/pkg/repository/book_postgres.go:60.2,60.49 1 0
grpc/server/pkg/repository/book_postgres.go:60.49,62.3 1 0
grpc/server/pkg/repository/book_postgres.go:64.2,64.12 1 0
grpc/server/pkg/repository/book_postgres.go:67.83,69.56 2 0
grpc/server/pkg/repository/book_postgres.go:69.56,70.45 1 0
grpc/server/pkg/repository/book_postgres.go:70.45,72.4 1 0
grpc/server/pkg/repository/book_postgres.go:73.3,73.13 1 0
grpc/server/pkg/repository/book_postgres.go:76.2,76.27 1 0
grpc/server/pkg/repository/book_postgres.go:76.27,78.3 1 0
grpc/server/pkg/repository/book_postgres.go:80.2,80.24 1 0
grpc/server/pkg/repository/book_postgres.go:80.24,82.3 1 0
grpc/server/pkg/repository/book_postgres.go:84.2,84.25 1 0
grpc/server/pkg/repository/book_postgres.go:84.25,86.3 1 0
grpc/server/pkg/repository/book_postgres.go:88.2,88.47 1 0
grpc/server/pkg/repository/book_postgres.go:88.47,90.3 1 0
grpc/server/pkg/repository/book_postgres.go:92.2,92.12 1 0
grpc/server/pkg/repository/postgres.go:21.41,25.16 3 0
grpc/server/pkg/repository/postgres.go:25.16,27.3 1 0
grpc/server/pkg/repository/postgres.go:28.2,31.11 3 0
grpc/server/pkg/repository/repository.go:29.45,34.2 1 0
