mode: set
grpc/server/pkg/handler/auth.go:19.69,21.2 1 0
grpc/server/pkg/handler/auth.go:25.91,32.46 2 0
grpc/server/pkg/handler/auth.go:32.46,34.3 1 0
grpc/server/pkg/handler/auth.go:36.2,37.16 2 0
grpc/server/pkg/handler/auth.go:37.16,39.3 1 0
grpc/server/pkg/handler/auth.go:40.2,40.43 1 0
grpc/server/pkg/handler/auth.go:43.106,50.53 2 0
grpc/server/pkg/handler/auth.go:50.53,52.3 1 0
grpc/server/pkg/handler/auth.go:54.2,55.16 2 0
grpc/server/pkg/handler/auth.go:55.16,57.3 1 0
grpc/server/pkg/handler/auth.go:58.2,58.47 1 0
grpc/server/pkg/handler/book.go:19.60,21.2 1 0
grpc/server/pkg/handler/book.go:23.95,29.46 2 0
grpc/server/pkg/handler/book.go:29.46,31.3 1 0
grpc/server/pkg/handler/book.go:33.2,38.16 4 0
grpc/server/pkg/handler/book.go:38.16,40.3 1 0
grpc/server/pkg/handler/book.go:41.2,41.43 1 0
grpc/server/pkg/handler/book.go:44.92,46.16 2 0
grpc/server/pkg/handler/book.go:46.16,48.3 1 0
grpc/server/pkg/handler/book.go:49.2,54.8 1 0
grpc/server/pkg/handler/book.go:57.96,59.16 2 0
grpc/server/pkg/handler/book.go:59.16,61.3 1 0
grpc/server/pkg/handler/book.go:62.2,63.26 2 0
grpc/server/pkg/handler/book.go:63.26,70.3 1 0
grpc/server/pkg/handler/book.go:71.2,71.45 1 0
grpc/server/pkg/handler/book.go:74.93,80.52 2 0
grpc/server/pkg/handler/book.go:80.52,82.3 1 0
grpc/server/pkg/handler/book.go:84.2,87.16 3 0
grpc/server/pkg/handler/book.go:87.16,89.3 1 0
grpc/server/pkg/handler/book.go:90.2,90.17 1 0
grpc/server/pkg/handler/book.go:93.96,95.73 2 0
grpc/server/pkg/handler/book.go:95.73,97.3 1 0
grpc/server/pkg/handler/book.go:98.2,98.28 1 0
grpc/server/pkg/handler/book.go:101.59,103.9 2 0
grpc/server/pkg/handler/book.go:103.9,105.3 1 0
grpc/server/pkg/handler/book.go:107.2,107.16 1 0
grpc/server/pkg/handler/handler.go:12.53,17.2 1 0
grpc/server/pkg/handler/handler.go:20.30,22.2 1 0
grpc/server/pkg/handler/middleware.go:17.81,23.25 1 0
grpc/server/pkg/handler/middleware.go:23.25,26.51 1 0
grpc/server/pkg/handler/middleware.go:26.51,28.4 1 0
grpc/server/pkg/handler/middleware.go:30.3,31.10 2 0
grpc/server/pkg/handler/middleware.go:31.10,33.4 1 0
grpc/server/pkg/handler/middleware.go:35.3,36.23 2 0
grpc/server/pkg/handler/middleware.go:36.23,38.4 1 0
grpc/server/pkg/handler/middleware.go:40.3,43.17 3 0
grpc/server/pkg/handler/middleware.go:43.17,45.4 1 0
grpc/server/pkg/handler/middleware.go:47.3,48.30 2 0
grpc/server/pkg/service/auth.go:31.13,32.40 1 1
grpc/server/pkg/service/auth.go:32.40,34.3 1 1
grpc/server/pkg/service/auth.go:37.65,39.18 2 1
grpc/server/pkg/service/auth.go:39.18,41.3 1 0
grpc/server/pkg/service/auth.go:43.2,46.3 1 1
grpc/server/pkg/service/auth.go:49.66,53.2 3 1
grpc/server/pkg/service/auth.go:55.80,58.16 2 1
grpc/server/pkg/service/auth.go:58.16,60.3 1 1
grpc/server/pkg/service/auth.go:62.2,62.95 1 1
grpc/server/pkg/service/auth.go:62.95,64.3 1 1
grpc/server/pkg/service/auth.go:66.2,74.40 2 1
grpc/server/pkg/service/auth.go:77.68,78.83 1 1
grpc/server/pkg/service/auth.go:78.83,79.58 1 1
grpc/server/pkg/service/auth.go:79.58,81.4 1 0
grpc/server/pkg/service/auth.go:83.3,83.26 1 1
grpc/server/pkg/service/auth.go:86.2,86.32 1 1
grpc/server/pkg/service/auth.go:86.32,88.3 1 1
grpc/server/pkg/service/auth.go:90.2,91.9 2 1
grpc/server/pkg/service/auth.go:91.9,93.3 1 0
grpc/server/pkg/service/auth.go:95.2,96.9 2 1
grpc/server/pkg/service/auth.go:96.9,98.3 1 1
grpc/server/pkg/service/auth.go:100.2,100.31 1 1
grpc/server/pkg/service/auth.go:103.60,105.16 2 1
grpc/server/pkg/service/auth.go:105.16,107.3 1 0
grpc/server/pkg/service/auth.go:108.2,108.36 1 1
grpc/server/pkg/service/book.go:12.56,14.2 1 1
grpc/server/pkg/service/book.go:16.62,18.2 1 1
grpc/server/pkg/service/book.go:20.55,22.2 1 1
grpc/server/pkg/service/book.go:24.65,26.2 1 1
grpc/server/pkg/service/book.go:28.57,30.2 1 1
grpc/server/pkg/service/book.go:32.81,34.2 1 1
grpc/server/pkg/service/service.go:29.56,34.2 1 1
grpc/server/pkg/handler/auth.go:19.69,21.2 1 1
grpc/server/pkg/handler/auth.go:25.91,32.46 2 1
grpc/server/pkg/handler/auth.go:32.46,34.3 1 1
grpc/server/pkg/handler/auth.go:36.2,37.16 2 1
grpc/server/pkg/handler/auth.go:37.16,39.3 1 1
grpc/server/pkg/handler/auth.go:40.2,40.43 1 1
grpc/server/pkg/handler/auth.go:43.106,50.53 2 1
grpc/server/pkg/handler/auth.go:50.53,52.3 1 1
grpc/server/pkg/handler/auth.go:54.2,55.16 2 1
grpc/server/pkg/handler/auth.go:55.16,57.3 1 1
grpc/server/pkg/handler/auth.go:58.2,58.47 1 1
grpc/server/pkg/handler/book.go:19.60,21.2 1 1
grpc/server/pkg/handler/book.go:23.95,29.46 2 1
grpc/server/pkg/handler/book.go:29.46,31.3 1 1
grpc/server/pkg/handler/book.go:33.2,38.16 4 1
grpc/server/pkg/handler/book.go:38.16,40.3 1 0
grpc/server/pkg/handler/book.go:41.2,41.43 1 1
grpc/server/pkg/handler/book.go:44.92,46.16 2 1
grpc/server/pkg/handler/book.go:46.16,48.3 1 1
grpc/server/pkg/handler/book.go:49.2,54.8 1 1
grpc/server/pkg/handler/book.go:57.96,59.16 2 1
grpc/server/pkg/handler/book.go:59.16,61.3 1 0
grpc/server/pkg/handler/book.go:62.2,63.26 2 1
grpc/server/pkg/handler/book.go:63.26,70.3 1 1
grpc/server/pkg/handler/book.go:71.2,71.45 1 1
grpc/server/pkg/handler/book.go:74.93,80.52 2 1
grpc/server/pkg/handler/book.go:80.52,82.3 1 1
grpc/server/pkg/handler/book.go:84.2,87.16 3 1
grpc/server/pkg/handler/book.go:87.16,89.3 1 0
grpc/server/pkg/handler/book.go:90.2,90.17 1 1
grpc/server/pkg/handler/book.go:93.96,95.73 2 1
grpc/server/pkg/handler/book.go:95.73,97.3 1 1
grpc/server/pkg/handler/book.go:98.2,98.28 1 1
grpc/server/pkg/handler/book.go:101.59,103.9 2 1
grpc/server/pkg/handler/book.go:103.9,105.3 1 0
grpc/server/pkg/handler/book.go:107.2,107.16 1 1
grpc/server/pkg/handler/handler.go:12.53,17.2 1 1
grpc/server/pkg/handler/handler.go:20.30,22.2 1 1
grpc/server/pkg/handler/middleware.go:17.81,23.25 1 1
grpc/server/pkg/handler/middleware.go:23.25,26.51 1 1
grpc/server/pkg/handler/middleware.go:26.51,28.4 1 1
grpc/server/pkg/handler/middleware.go:30.3,31.10 2 1
grpc/server/pkg/handler/middleware.go:31.10,33.4 1 1
grpc/server/pkg/handler/middleware.go:35.3,36.23 2 1
grpc/server/pkg/handler/middleware.go:36.23,38.4 1 1
grpc/server/pkg/handler/middleware.go:40.3,43.17 3 1
grpc/server/pkg/handler/middleware.go:43.17,45.4 1 1
grpc/server/pkg/handler/middleware.go:47.3,48.30 2 1
grpc/server/pkg/service/auth.go:31.13,32.40 1 1
grpc/server/pkg/service/auth.go:32.40,34.3 1 1
grpc/server/pkg/service/auth.go:37.65,39.18 2 0
grpc/server/pkg/service/auth.go:39.18,41.3 1 0
grpc/server/pkg/service/auth.go:43.2,46.3 1 0
grpc/server/pkg/service/auth.go:49.66,53.2 3 0
grpc/server/pkg/service/auth.go:55.80,58.16 2 0
grpc/server/pkg/service/auth.go:58.16,60.3 1 0
grpc/server/pkg/service/auth.go:62.2,62.95 1 0
grpc/server/pkg/service/auth.go:62.95,64.3 1 0
grpc/server/pkg/service/auth.go:66.2,74.40 2 0
grpc/server/pkg/service/auth.go:77.68,78.83 1 0
grpc/server/pkg/service/auth.go:78.83,79.58 1 0
grpc/server/pkg/service/auth.go:79.58,81.4 1 0
grpc/server/pkg/service/auth.go:83.3,83.26 1 0
grpc/server/pkg/service/auth.go:86.2,86.32 1 0
grpc/server/pkg/service/auth.go:86.32,88.3 1 0
grpc/server/pkg/service/auth.go:90.2,91.9 2 0
grpc/server/pkg/service/auth.go:91.9,93.3 1 0
grpc/server/pkg/service/auth.go:95.2,96.9 2 0
grpc/server/pkg/service/auth.go:96.9,98.3 1 0
grpc/server/pkg/service/auth.go:100.2,100.31 1 0
grpc/server/pkg/service/auth.go:103.60,105.16 2 0
grpc/server/pkg/service/auth.go:105.16,107.3 1 0
grpc/server/pkg/service/auth.go:108.2,108.36 1 0
grpc/server/pkg/service/book.go:12.56,14.2 1 0
grpc/server/pkg/service/book.go:16.62,18.2 1 0
grpc/server/pkg/service/book.go:20.55,22.2 1 0
grpc/server/pkg/service/book.go:24.65,26.2 1 0
grpc/server/pkg/service/book.go:28.57,30.2 1 0
grpc/server/pkg/service/book.go:32.81,34.2 1 0
grpc/server/pkg/service/service.go:29.56,34.2 1 0
